
/home/runner/work/exp-functions-using-decoders-iitkgp/exp-functions-using-decoders-iitkgp/experiment/simulation/js/addtbl.js
   10:5   warning  'clmns' is defined but never used                no-unused-vars
   10:12  warning  'vlt' is defined but never used                  no-unused-vars
   10:17  warning  'columns' is defined but never used              no-unused-vars
   10:26  warning  'rest' is defined but never used                 no-unused-vars
   11:5   warning  'dataPoints' is assigned a value but never used  no-unused-vars
   13:5   warning  'table' is already defined                       no-redeclare
   13:18  warning  'switching' is defined but never used            no-unused-vars
   13:38  warning  'shouldSwitch' is defined but never used         no-unused-vars
   14:10  warning  'aintbl' is defined but never used               no-unused-vars
   18:12  warning  'decimal' is not defined                         no-undef
   20:12  warning  'sinp' is not defined                            no-undef
   21:12  warning  'sinp' is not defined                            no-undef
   22:12  warning  'sinp' is not defined                            no-undef
   24:12  warning  'd11' is not defined                             no-undef
   25:12  warning  'd11' is not defined                             no-undef
   26:12  warning  'd11' is not defined                             no-undef
   27:12  warning  'd11' is not defined                             no-undef
   28:12  warning  'd11' is not defined                             no-undef
   29:12  warning  'd11' is not defined                             no-undef
   30:13  warning  'd11' is not defined                             no-undef
   31:13  warning  'd11' is not defined                             no-undef
   55:7   warning  'swap' is not defined                            no-undef
   58:14  warning  'swap' is not defined                            no-undef
   60:9   warning  'swap' is not defined                            no-undef
   66:11  warning  'shouldswap' is not defined                      no-undef
   74:13  warning  'shouldswap' is not defined                      no-undef
   81:13  warning  'shouldswap' is not defined                      no-undef
   85:11  warning  'swap' is not defined                            no-undef
  100:7   warning  'swap' is not defined                            no-undef
  103:14  warning  'swap' is not defined                            no-undef
  105:9   warning  'swap' is not defined                            no-undef
  111:11  warning  'shouldswap' is not defined                      no-undef
  119:13  warning  'shouldswap' is not defined                      no-undef
  125:13  warning  'shouldswap' is not defined                      no-undef
  129:11  warning  'rowCount' is assigned a value but never used    no-unused-vars
  132:11  warning  'swap' is not defined                            no-undef

/home/runner/work/exp-functions-using-decoders-iitkgp/exp-functions-using-decoders-iitkgp/experiment/simulation/js/addtbl_exp5p2.js
   10:9   warning  'clmns' is defined but never used                no-unused-vars
   10:16  warning  'vlt' is defined but never used                  no-unused-vars
   10:21  warning  'columns' is defined but never used              no-unused-vars
   10:30  warning  'rest' is defined but never used                 no-unused-vars
   11:9   warning  'dataPoints' is assigned a value but never used  no-unused-vars
   14:9   warning  'table' is already defined                       no-redeclare
   14:22  warning  'switching' is defined but never used            no-unused-vars
   14:42  warning  'shouldSwitch' is defined but never used         no-unused-vars
   15:14  warning  'aintbl' is defined but never used               no-unused-vars
   20:16  warning  'decimal' is not defined                         no-undef
   23:16  warning  'sinp' is not defined                            no-undef
   24:16  warning  'sinp' is not defined                            no-undef
   25:16  warning  'sinp' is not defined                            no-undef
   26:16  warning  'sinp' is not defined                            no-undef
   28:16  warning  'd11' is not defined                             no-undef
   29:16  warning  'd11' is not defined                             no-undef
   30:16  warning  'd11' is not defined                             no-undef
   31:16  warning  'd11' is not defined                             no-undef
   32:16  warning  'd11' is not defined                             no-undef
   33:17  warning  'd11' is not defined                             no-undef
   34:17  warning  'd11' is not defined                             no-undef
   35:17  warning  'd11' is not defined                             no-undef
   36:17  warning  'd11' is not defined                             no-undef
   37:17  warning  'd11' is not defined                             no-undef
   38:17  warning  'd11' is not defined                             no-undef
   39:17  warning  'd11' is not defined                             no-undef
   40:17  warning  'd11' is not defined                             no-undef
   41:17  warning  'd11' is not defined                             no-undef
   42:17  warning  'd11' is not defined                             no-undef
   43:17  warning  'd11' is not defined                             no-undef
   68:11  warning  'swap' is not defined                            no-undef
   71:18  warning  'swap' is not defined                            no-undef
   73:13  warning  'swap' is not defined                            no-undef
   79:15  warning  'shouldswap' is not defined                      no-undef
   87:17  warning  'shouldswap' is not defined                      no-undef
   94:17  warning  'shouldswap' is not defined                      no-undef
   98:15  warning  'swap' is not defined                            no-undef
  115:11  warning  'swap' is not defined                            no-undef
  118:18  warning  'swap' is not defined                            no-undef
  120:13  warning  'swap' is not defined                            no-undef
  126:15  warning  'shouldswap' is not defined                      no-undef
  134:17  warning  'shouldswap' is not defined                      no-undef
  140:17  warning  'shouldswap' is not defined                      no-undef
  144:15  warning  'rowCount' is assigned a value but never used    no-unused-vars
  147:15  warning  'swap' is not defined                            no-undef

/home/runner/work/exp-functions-using-decoders-iitkgp/exp-functions-using-decoders-iitkgp/experiment/simulation/js/circuit_exp5p1.js
    6:9   warning  'd11' is assigned a value but never used      no-unused-vars
    7:9   warning  'sinp' is assigned a value but never used     no-unused-vars
    8:9   warning  'decimal' is assigned a value but never used  no-unused-vars
  370:10  warning  'a1' is defined but never used                no-unused-vars
  391:10  warning  'a2' is defined but never used                no-unused-vars
  409:10  warning  'a3' is defined but never used                no-unused-vars
  423:9   warning  'i3' is already defined                       no-redeclare
  423:9   warning  'i3' is assigned a value but never used       no-unused-vars
  427:10  warning  'a4' is defined but never used                no-unused-vars
  441:9   warning  'i4' is already defined                       no-redeclare
  441:9   warning  'i4' is assigned a value but never used       no-unused-vars
  446:10  warning  'a5' is defined but never used                no-unused-vars
  460:9   warning  'i5' is already defined                       no-redeclare
  460:9   warning  'i5' is assigned a value but never used       no-unused-vars
  465:10  warning  'a6' is defined but never used                no-unused-vars

/home/runner/work/exp-functions-using-decoders-iitkgp/exp-functions-using-decoders-iitkgp/experiment/simulation/js/circuit_exp5p2.js
    6:9   warning  'd11' is assigned a value but never used      no-unused-vars
    7:9   warning  'sinp' is assigned a value but never used     no-unused-vars
    8:9   warning  'decimal' is assigned a value but never used  no-unused-vars
  853:10  warning  'a1' is defined but never used                no-unused-vars
  874:10  warning  'a2' is defined but never used                no-unused-vars
  892:10  warning  'a3' is defined but never used                no-unused-vars
  912:10  warning  'a4' is defined but never used                no-unused-vars
  926:9   warning  'i4' is already defined                       no-redeclare
  926:9   warning  'i4' is assigned a value but never used       no-unused-vars
  933:10  warning  'a5' is defined but never used                no-unused-vars
  947:9   warning  'i5' is already defined                       no-redeclare
  947:9   warning  'i5' is assigned a value but never used       no-unused-vars
  953:10  warning  'a6' is defined but never used                no-unused-vars
  967:9   warning  'i6' is already defined                       no-redeclare
  967:9   warning  'i6' is assigned a value but never used       no-unused-vars
  972:10  warning  'a7' is defined but never used                no-unused-vars
  986:9   warning  'i7' is already defined                       no-redeclare
  986:9   warning  'i7' is assigned a value but never used       no-unused-vars

✖ 114 problems (0 errors, 114 warnings)

